<?xml version="1.0" encoding="UTF-8"?>
<!-- Generated by org.testng.reporters.JUnitReportReporter -->
<testsuite hostname="LAPTOP-A2U9APN6" failures="0" tests="1" name="All_Flows.Refund_Request" time="385.346" errors="0" timestamp="2024-04-12T11:19:10 IST" skipped="0">
  <testcase classname="All_Flows.Refund_Request" name="Validating_Refund_Request" time="385.346"/>
  <system-out/>
</testsuite> <!-- All_Flows.Refund_Request -->
