<?xml version="1.0" encoding="UTF-8"?>
<!-- Generated by org.testng.reporters.JUnitReportReporter -->
<testsuite hostname="LAPTOP-A2U9APN6" failures="0" tests="1" name="All_Flows.Student_Fresh_subpayment_complete_flow_dd_cheque" time="410.871" errors="0" timestamp="2024-04-09T21:25:35 IST" skipped="0">
  <testcase classname="All_Flows.Student_Fresh_subpayment_complete_flow_dd_cheque" name="Student_payment_complete_flow_DD_Cheque" time="410.871"/>
  <system-out/>
</testsuite> <!-- All_Flows.Student_Fresh_subpayment_complete_flow_dd_cheque -->
