<?xml version="1.0" encoding="UTF-8"?>
<!-- Generated by org.testng.reporters.JUnitReportReporter -->
<testsuite hostname="LAPTOP-A2U9APN6" failures="0" tests="1" name="All_Flows.Campus_Alliance_Complete_Flow" time="208.546" errors="0" timestamp="2024-05-14T11:59:01 IST" skipped="0">
  <testcase classname="All_Flows.Campus_Alliance_Complete_Flow" name="Campus_Alliance_Complete_Flow_Enquiry_Enrollment_subsequent_Pymnt" time="208.546"/>
  <system-out/>
</testsuite> <!-- All_Flows.Campus_Alliance_Complete_Flow -->
