<?xml version="1.0" encoding="UTF-8"?>
<!-- Generated by org.testng.reporters.JUnitReportReporter -->
<testsuite hostname="LAPTOP-A2U9APN6" failures="0" tests="1" name="All_Flows.Convert_Full_Payment__with_Discount_Credit_Card_Payment" time="258.391" errors="0" timestamp="2024-05-14T10:58:36 IST" skipped="0">
  <testcase classname="All_Flows.Convert_Full_Payment__with_Discount_Credit_Card_Payment" name="Student_Convert_Full_Payment__with_Discount_Credit_Card_Payment" time="258.391"/>
  <system-out/>
</testsuite> <!-- All_Flows.Convert_Full_Payment__with_Discount_Credit_Card_Payment -->
