<?xml version="1.0" encoding="UTF-8"?>
<!-- Generated by org.testng.reporters.JUnitReportReporter -->
<testsuite hostname="LAPTOP-A2U9APN6" failures="0" tests="1" name="All_Flows.Convert_Full_Payment__with_Discount_Cash" time="345.360" errors="0" timestamp="2024-04-10T15:23:29 IST" skipped="0">
  <testcase classname="All_Flows.Convert_Full_Payment__with_Discount_Cash" name="Student_Convert_Full_Payment__with_Discount_Cash" time="345.360"/>
  <system-out/>
</testsuite> <!-- All_Flows.Convert_Full_Payment__with_Discount_Cash -->
