<?xml version="1.0" encoding="UTF-8"?>
<!-- Generated by org.testng.reporters.JUnitReportReporter -->
<testsuite hostname="LAPTOP-A2U9APN6" failures="0" tests="1" name="All_Flows.Student_Fresh_Enrollment_Complete_Flow_Cash_Discount" time="335.540" errors="0" timestamp="2024-04-10T13:24:38 IST" skipped="0">
  <testcase classname="All_Flows.Student_Fresh_Enrollment_Complete_Flow_Cash_Discount" name="Student_Fresh_Enrollment_With_Discount_Cash" time="335.540"/>
  <system-out/>
</testsuite> <!-- All_Flows.Student_Fresh_Enrollment_Complete_Flow_Cash_Discount -->
