<?xml version="1.0" encoding="UTF-8"?>
<!-- Generated by org.testng.reporters.JUnitReportReporter -->
<testsuite hostname="LAPTOP-A2U9APN6" failures="0" tests="1" name="Enquiry.School_Level_Enquiry_Add" time="229.313" errors="0" timestamp="2024-04-12T12:30:25 IST" skipped="0">
  <testcase classname="Enquiry.School_Level_Enquiry_Add" name="school_Level_Enquiry_Adding" time="229.313"/>
  <system-out/>
</testsuite> <!-- Enquiry.School_Level_Enquiry_Add -->
