<?xml version="1.0" encoding="UTF-8"?>
<!-- Generated by org.testng.reporters.JUnitReportReporter -->
<testsuite hostname="LAPTOP-A2U9APN6" failures="0" tests="1" name="All_Flows.Apply_Discount" time="341.172" errors="0" timestamp="2024-05-10T16:38:40 IST" skipped="0">
  <testcase classname="All_Flows.Apply_Discount" name="Validating_Apply_Discount" time="341.172"/>
  <system-out/>
</testsuite> <!-- All_Flows.Apply_Discount -->
