<?xml version="1.0" encoding="UTF-8"?>
<!-- Generated by org.testng.reporters.JUnitReportReporter -->
<testsuite hostname="LAPTOP-A2U9APN6" failures="0" tests="1" name="All_Flows.Convert_Full_Payment__with_Discount_Cash_Payment" time="344.106" errors="0" timestamp="2024-04-19T18:34:10 IST" skipped="0">
  <testcase classname="All_Flows.Convert_Full_Payment__with_Discount_Cash_Payment" name="Student_Convert_Full_Payment__with_Discount_Cash_Payment" time="344.106"/>
  <system-out/>
</testsuite> <!-- All_Flows.Convert_Full_Payment__with_Discount_Cash_Payment -->
