<?xml version="1.0" encoding="UTF-8"?>
<!-- Generated by org.testng.reporters.JUnitReportReporter -->
<testsuite hostname="LAPTOP-A2U9APN6" failures="0" tests="1" name="All_Flows.Batch_Change_Request" time="378.833" errors="0" timestamp="2024-04-26T14:14:47 IST" skipped="0">
  <testcase classname="All_Flows.Batch_Change_Request" name="Validating_Batch_Change_Request" time="378.833"/>
  <system-out/>
</testsuite> <!-- All_Flows.Batch_Change_Request -->
