<?xml version="1.0" encoding="UTF-8"?>
<!-- Generated by org.testng.reporters.JUnitReportReporter -->
<testsuite hostname="LAPTOP-A2U9APN6" failures="0" tests="1" name="Masters.Batch" time="73.902" errors="0" timestamp="2024-04-24T10:56:42 IST" skipped="0">
  <testcase classname="Masters.Batch" name="ADD_Batch" time="73.902"/>
  <system-out/>
</testsuite> <!-- Masters.Batch -->
