<?xml version="1.0" encoding="UTF-8"?>
<!-- Generated by org.testng.reporters.JUnitReportReporter -->
<testsuite hostname="LAPTOP-A2U9APN6" failures="0" tests="1" name="All_Flows.Upgradation" time="456.103" errors="0" timestamp="2024-04-06T17:29:02 IST" skipped="0">
  <testcase classname="All_Flows.Upgradation" name="Student_payment_complete_flow_Cash" time="456.103"/>
  <system-out/>
</testsuite> <!-- All_Flows.Upgradation -->
