<?xml version="1.0" encoding="UTF-8"?>
<!-- Generated by org.testng.reporters.JUnitReportReporter -->
<testsuite hostname="LAPTOP-A2U9APN6" failures="0" tests="1" name="Masters.Batch" time="75.546" errors="0" timestamp="2024-04-06T10:42:10 IST" skipped="0">
  <testcase classname="Masters.Batch" name="ADD_Batch" time="75.546"/>
  <system-out/>
</testsuite> <!-- Masters.Batch -->
