<?xml version="1.0" encoding="UTF-8"?>
<!-- Generated by org.testng.reporters.JUnitReportReporter -->
<testsuite hostname="LAPTOP-A2U9APN6" failures="0" tests="1" name="All_Flows.Re_Enrollment" time="476.204" errors="0" timestamp="2024-04-08T19:40:41 IST" skipped="0">
  <testcase classname="All_Flows.Re_Enrollment" name="Re_Enrollment_with_Cash" time="476.204"/>
  <system-out/>
</testsuite> <!-- All_Flows.Re_Enrollment -->
