<?xml version="1.0" encoding="UTF-8"?>
<!-- Generated by org.testng.reporters.JUnitReportReporter -->
<testsuite hostname="LAPTOP-A2U9APN6" failures="0" tests="1" name="devAdmin.State" time="54.145" errors="0" timestamp="2024-04-05T13:49:27 IST" skipped="0">
  <testcase classname="devAdmin.State" name="ADD_State" time="54.145"/>
  <system-out/>
</testsuite> <!-- devAdmin.State -->
