<?xml version="1.0" encoding="UTF-8"?>
<!-- Generated by org.testng.reporters.JUnitReportReporter -->
<testsuite hostname="LAPTOP-A2U9APN6" failures="0" tests="1" name="Enquiry.College_Level_Enquiry_Add" time="50.510" errors="0" timestamp="2024-05-07T11:06:44 IST" skipped="0">
  <testcase classname="Enquiry.College_Level_Enquiry_Add" name="College_Level_Enquiry_Adding" time="50.510"/>
  <system-out/>
</testsuite> <!-- Enquiry.College_Level_Enquiry_Add -->
